0 info it worked if it ends with ok
1 verbose cli [ '/home/tassos/.nvm/versions/node/v5.12.0/bin/node',
1 verbose cli   '/home/tassos/.nvm/versions/node/v5.12.0/bin/npm',
1 verbose cli   'run',
1 verbose cli   'dev' ]
2 info using npm@3.8.6
3 info using node@v5.12.0
4 verbose run-script [ 'predev', 'dev', 'postdev' ]
5 info lifecycle campus-aar@0.1.0~predev: campus-aar@0.1.0
6 silly lifecycle campus-aar@0.1.0~predev: no script for predev, continuing
7 info lifecycle campus-aar@0.1.0~dev: campus-aar@0.1.0
8 verbose lifecycle campus-aar@0.1.0~dev: unsafe-perm in lifecycle true
9 verbose lifecycle campus-aar@0.1.0~dev: PATH: /home/tassos/.nvm/versions/node/v5.12.0/lib/node_modules/npm/bin/node-gyp-bin:/home/tassos/Documents/PCU/pcu2/node_modules/.bin:/home/tassos/.nvm/versions/node/v5.12.0/bin:/home/tassos/.pyenv/shims:/home/tassos/.opam/4.07.0/bin:/home/tassos/.pyenv/shims:/home/tassos/.opam/4.07.0/bin:/home/tassos/.nvm/versions/node/v5.12.0/bin:/usr/local/sbin:/usr/local/bin:/usr/bin:/usr/lib/jvm/default/bin:/usr/bin/site_perl:/usr/bin/vendor_perl:/usr/bin/core_perl
10 verbose lifecycle campus-aar@0.1.0~dev: CWD: /home/tassos/Documents/PCU/pcu2
11 silly lifecycle campus-aar@0.1.0~dev: Args: [ '-c',
11 silly lifecycle   'NODE_ENV=development SERVER_PORT=3000 DEBUG=\'arma:*,arma-todo:*\' node server.js' ]
12 silly lifecycle campus-aar@0.1.0~dev: Returned: code: 1  signal: null
13 info lifecycle campus-aar@0.1.0~dev: Failed to exec dev script
14 verbose stack Error: campus-aar@0.1.0 dev: `NODE_ENV=development SERVER_PORT=3000 DEBUG='arma:*,arma-todo:*' node server.js`
14 verbose stack Exit status 1
14 verbose stack     at EventEmitter.<anonymous> (/home/tassos/.nvm/versions/node/v5.12.0/lib/node_modules/npm/lib/utils/lifecycle.js:239:16)
14 verbose stack     at emitTwo (events.js:100:13)
14 verbose stack     at EventEmitter.emit (events.js:185:7)
14 verbose stack     at ChildProcess.<anonymous> (/home/tassos/.nvm/versions/node/v5.12.0/lib/node_modules/npm/lib/utils/spawn.js:24:14)
14 verbose stack     at emitTwo (events.js:100:13)
14 verbose stack     at ChildProcess.emit (events.js:185:7)
14 verbose stack     at maybeClose (internal/child_process.js:850:16)
14 verbose stack     at Process.ChildProcess._handle.onexit (internal/child_process.js:215:5)
15 verbose pkgid campus-aar@0.1.0
16 verbose cwd /home/tassos/Documents/PCU/pcu2
17 error Linux 5.3.13-arch1-1
18 error argv "/home/tassos/.nvm/versions/node/v5.12.0/bin/node" "/home/tassos/.nvm/versions/node/v5.12.0/bin/npm" "run" "dev"
19 error node v5.12.0
20 error npm  v3.8.6
21 error code ELIFECYCLE
22 error campus-aar@0.1.0 dev: `NODE_ENV=development SERVER_PORT=3000 DEBUG='arma:*,arma-todo:*' node server.js`
22 error Exit status 1
23 error Failed at the campus-aar@0.1.0 dev script 'NODE_ENV=development SERVER_PORT=3000 DEBUG='arma:*,arma-todo:*' node server.js'.
23 error Make sure you have the latest version of node.js and npm installed.
23 error If you do, this is most likely a problem with the campus-aar package,
23 error not with npm itself.
23 error Tell the author that this fails on your system:
23 error     NODE_ENV=development SERVER_PORT=3000 DEBUG='arma:*,arma-todo:*' node server.js
23 error You can get information on how to open an issue for this project with:
23 error     npm bugs campus-aar
23 error Or if that isn't available, you can get their info via:
23 error     npm owner ls campus-aar
23 error There is likely additional logging output above.
24 verbose exit [ 1, true ]
